{"duration":17,"level":"info","message":"HTTP Request","method":"GET","service":"roman-numeral-service","status":404,"timestamp":"2025-05-14T18:45:18.656Z","url":"/","userAgent":"Mozilla/5.0 (Macintosh; Intel Mac OS X 10.15; rv:138.0) Gecko/20100101 Firefox/138.0"}
{"error":"Query parameter is required","level":"error","message":"Conversion failed","service":"roman-numeral-service","timestamp":"2025-05-14T18:45:33.982Z"}
{"duration":20,"level":"info","message":"HTTP Request","method":"GET","service":"roman-numeral-service","status":400,"timestamp":"2025-05-14T18:45:33.993Z","url":"/romannumeral?80","userAgent":"Mozilla/5.0 (Macintosh; Intel Mac OS X 10.15; rv:138.0) Gecko/20100101 Firefox/138.0"}
{"duration":8,"level":"info","message":"HTTP Request","method":"GET","service":"roman-numeral-service","status":404,"timestamp":"2025-05-14T18:45:34.028Z","url":"/favicon.ico","userAgent":"Mozilla/5.0 (Macintosh; Intel Mac OS X 10.15; rv:138.0) Gecko/20100101 Firefox/138.0"}
{"input":80,"level":"info","message":"Conversion successful","output":"LXXX","service":"roman-numeral-service","timestamp":"2025-05-14T18:46:15.107Z"}
{"duration":21,"level":"info","message":"HTTP Request","method":"GET","service":"roman-numeral-service","status":200,"timestamp":"2025-05-14T18:46:15.114Z","url":"/romannumeral?query=80","userAgent":"Mozilla/5.0 (Macintosh; Intel Mac OS X 10.15; rv:138.0) Gecko/20100101 Firefox/138.0"}
{"duration":1,"level":"info","message":"HTTP Request","method":"GET","service":"roman-numeral-service","status":404,"timestamp":"2025-05-14T18:46:15.133Z","url":"/favicon.ico","userAgent":"Mozilla/5.0 (Macintosh; Intel Mac OS X 10.15; rv:138.0) Gecko/20100101 Firefox/138.0"}
{"input":84,"level":"info","message":"Conversion successful","output":"LXXXIV","service":"roman-numeral-service","timestamp":"2025-05-14T18:46:28.067Z"}
{"duration":6,"level":"info","message":"HTTP Request","method":"GET","service":"roman-numeral-service","status":200,"timestamp":"2025-05-14T18:46:28.072Z","url":"/romannumeral?query=84","userAgent":"Mozilla/5.0 (Macintosh; Intel Mac OS X 10.15; rv:138.0) Gecko/20100101 Firefox/138.0"}
{"duration":2,"level":"info","message":"HTTP Request","method":"GET","service":"roman-numeral-service","status":404,"timestamp":"2025-05-14T18:46:28.093Z","url":"/favicon.ico","userAgent":"Mozilla/5.0 (Macintosh; Intel Mac OS X 10.15; rv:138.0) Gecko/20100101 Firefox/138.0"}
{"input":1084,"level":"info","message":"Conversion successful","output":"MLXXXIV","service":"roman-numeral-service","timestamp":"2025-05-14T18:46:32.463Z"}
{"duration":10,"level":"info","message":"HTTP Request","method":"GET","service":"roman-numeral-service","status":200,"timestamp":"2025-05-14T18:46:32.472Z","url":"/romannumeral?query=1084","userAgent":"Mozilla/5.0 (Macintosh; Intel Mac OS X 10.15; rv:138.0) Gecko/20100101 Firefox/138.0"}
{"duration":3,"level":"info","message":"HTTP Request","method":"GET","service":"roman-numeral-service","status":404,"timestamp":"2025-05-14T18:46:32.491Z","url":"/favicon.ico","userAgent":"Mozilla/5.0 (Macintosh; Intel Mac OS X 10.15; rv:138.0) Gecko/20100101 Firefox/138.0"}
{"error":"Number must be an integer between 1 and 3999","level":"error","message":"Conversion failed","query":"10843","service":"roman-numeral-service","timestamp":"2025-05-14T18:47:13.459Z"}
{"duration":6,"level":"info","message":"HTTP Request","method":"GET","service":"roman-numeral-service","status":400,"timestamp":"2025-05-14T18:47:13.465Z","url":"/romannumeral?query=10843","userAgent":"Mozilla/5.0 (Macintosh; Intel Mac OS X 10.15; rv:138.0) Gecko/20100101 Firefox/138.0"}
{"input":1084,"level":"info","message":"Conversion successful","output":"MLXXXIV","service":"roman-numeral-service","timestamp":"2025-05-14T18:47:16.752Z"}
{"duration":7,"level":"info","message":"HTTP Request","method":"GET","service":"roman-numeral-service","status":304,"timestamp":"2025-05-14T18:47:16.759Z","url":"/romannumeral?query=1084","userAgent":"Mozilla/5.0 (Macintosh; Intel Mac OS X 10.15; rv:138.0) Gecko/20100101 Firefox/138.0"}
{"duration":3,"level":"info","message":"HTTP Request","method":"GET","service":"roman-numeral-service","status":404,"timestamp":"2025-05-14T18:47:16.774Z","url":"/favicon.ico","userAgent":"Mozilla/5.0 (Macintosh; Intel Mac OS X 10.15; rv:138.0) Gecko/20100101 Firefox/138.0"}
{"input":1084,"level":"info","message":"Conversion successful","output":"MLXXXIV","service":"roman-numeral-service","timestamp":"2025-05-14T19:04:54.724Z"}
{"duration":7,"level":"info","message":"HTTP Request","method":"GET","service":"roman-numeral-service","status":200,"timestamp":"2025-05-14T19:04:54.731Z","url":"/romannumeral?query=1084","userAgent":"Mozilla/5.0 (Macintosh; Intel Mac OS X 10.15; rv:138.0) Gecko/20100101 Firefox/138.0"}
{"duration":3,"level":"info","message":"HTTP Request","method":"GET","service":"roman-numeral-service","status":404,"timestamp":"2025-05-14T19:04:54.749Z","url":"/favicon.ico","userAgent":"Mozilla/5.0 (Macintosh; Intel Mac OS X 10.15; rv:138.0) Gecko/20100101 Firefox/138.0"}
{"input":100,"level":"info","message":"Conversion successful","output":"C","service":"roman-numeral-service","timestamp":"2025-05-14T19:35:27.813Z"}
{"duration":3,"level":"info","message":"HTTP Request","method":"GET","service":"roman-numeral-service","status":200,"timestamp":"2025-05-14T19:35:27.815Z","url":"/romannumeral?query=100","userAgent":"Mozilla/5.0 (Macintosh; Intel Mac OS X 10.15; rv:138.0) Gecko/20100101 Firefox/138.0"}
{"input":1004,"level":"info","message":"Conversion successful","output":"MIV","service":"roman-numeral-service","timestamp":"2025-05-14T19:35:30.032Z"}
{"duration":4,"level":"info","message":"HTTP Request","method":"GET","service":"roman-numeral-service","status":200,"timestamp":"2025-05-14T19:35:30.035Z","url":"/romannumeral?query=1004","userAgent":"Mozilla/5.0 (Macintosh; Intel Mac OS X 10.15; rv:138.0) Gecko/20100101 Firefox/138.0"}
{"input":321,"level":"info","message":"Conversion successful","output":"CCCXXI","service":"roman-numeral-service","timestamp":"2025-05-14T19:35:34.110Z"}
{"duration":3,"level":"info","message":"HTTP Request","method":"GET","service":"roman-numeral-service","status":200,"timestamp":"2025-05-14T19:35:34.112Z","url":"/romannumeral?query=321","userAgent":"Mozilla/5.0 (Macintosh; Intel Mac OS X 10.15; rv:138.0) Gecko/20100101 Firefox/138.0"}
{"input":5,"level":"info","message":"Conversion successful","output":"V","service":"roman-numeral-service","timestamp":"2025-05-14T19:35:36.782Z"}
{"duration":6,"level":"info","message":"HTTP Request","method":"GET","service":"roman-numeral-service","status":200,"timestamp":"2025-05-14T19:35:36.786Z","url":"/romannumeral?query=5","userAgent":"Mozilla/5.0 (Macintosh; Intel Mac OS X 10.15; rv:138.0) Gecko/20100101 Firefox/138.0"}
{"input":4,"level":"info","message":"Conversion successful","output":"IV","service":"roman-numeral-service","timestamp":"2025-05-14T19:35:38.094Z"}
{"duration":4,"level":"info","message":"HTTP Request","method":"GET","service":"roman-numeral-service","status":200,"timestamp":"2025-05-14T19:35:38.097Z","url":"/romannumeral?query=4","userAgent":"Mozilla/5.0 (Macintosh; Intel Mac OS X 10.15; rv:138.0) Gecko/20100101 Firefox/138.0"}
{"input":9,"level":"info","message":"Conversion successful","output":"IX","service":"roman-numeral-service","timestamp":"2025-05-14T19:35:40.122Z"}
{"duration":6,"level":"info","message":"HTTP Request","method":"GET","service":"roman-numeral-service","status":200,"timestamp":"2025-05-14T19:35:40.127Z","url":"/romannumeral?query=9","userAgent":"Mozilla/5.0 (Macintosh; Intel Mac OS X 10.15; rv:138.0) Gecko/20100101 Firefox/138.0"}
{"input":14,"level":"info","message":"Conversion successful","output":"XIV","service":"roman-numeral-service","timestamp":"2025-05-14T19:35:42.025Z"}
{"duration":8,"level":"info","message":"HTTP Request","method":"GET","service":"roman-numeral-service","status":200,"timestamp":"2025-05-14T19:35:42.031Z","url":"/romannumeral?query=14","userAgent":"Mozilla/5.0 (Macintosh; Intel Mac OS X 10.15; rv:138.0) Gecko/20100101 Firefox/138.0"}
{"input":24,"level":"info","message":"Conversion successful","output":"XXIV","service":"roman-numeral-service","timestamp":"2025-05-14T19:35:44.985Z"}
{"duration":4,"level":"info","message":"HTTP Request","method":"GET","service":"roman-numeral-service","status":200,"timestamp":"2025-05-14T19:35:44.988Z","url":"/romannumeral?query=24","userAgent":"Mozilla/5.0 (Macintosh; Intel Mac OS X 10.15; rv:138.0) Gecko/20100101 Firefox/138.0"}
{"input":94,"level":"info","message":"Conversion successful","output":"XCIV","service":"roman-numeral-service","timestamp":"2025-05-14T19:35:49.278Z"}
{"duration":8,"level":"info","message":"HTTP Request","method":"GET","service":"roman-numeral-service","status":200,"timestamp":"2025-05-14T19:35:49.286Z","url":"/romannumeral?query=94","userAgent":"Mozilla/5.0 (Macintosh; Intel Mac OS X 10.15; rv:138.0) Gecko/20100101 Firefox/138.0"}
{"input":3,"level":"info","message":"Conversion successful","output":"III","service":"roman-numeral-service","timestamp":"2025-05-14T19:43:10.015Z"}
{"duration":9,"level":"info","message":"HTTP Request","method":"GET","service":"roman-numeral-service","status":200,"timestamp":"2025-05-14T19:43:10.022Z","url":"/romannumeral?query=3e4","userAgent":"Mozilla/5.0 (Macintosh; Intel Mac OS X 10.15; rv:138.0) Gecko/20100101 Firefox/138.0"}
{"input":3,"level":"info","message":"Conversion successful","output":"III","service":"roman-numeral-service","timestamp":"2025-05-14T19:43:13.072Z"}
{"duration":6,"level":"info","message":"HTTP Request","method":"GET","service":"roman-numeral-service","status":304,"timestamp":"2025-05-14T19:43:13.076Z","url":"/romannumeral?query=3e4","userAgent":"Mozilla/5.0 (Macintosh; Intel Mac OS X 10.15; rv:138.0) Gecko/20100101 Firefox/138.0"}
{"input":3,"level":"info","message":"Conversion successful","output":"III","service":"roman-numeral-service","timestamp":"2025-05-14T19:43:14.397Z"}
{"duration":7,"level":"info","message":"HTTP Request","method":"GET","service":"roman-numeral-service","status":200,"timestamp":"2025-05-14T19:43:14.402Z","url":"/romannumeral?query=3e44","userAgent":"Mozilla/5.0 (Macintosh; Intel Mac OS X 10.15; rv:138.0) Gecko/20100101 Firefox/138.0"}
{"input":3,"level":"info","message":"Conversion successful","output":"III","service":"roman-numeral-service","timestamp":"2025-05-14T19:43:20.088Z"}
{"duration":7,"level":"info","message":"HTTP Request","method":"GET","service":"roman-numeral-service","status":304,"timestamp":"2025-05-14T19:43:20.093Z","url":"/romannumeral?query=3e44","userAgent":"Mozilla/5.0 (Macintosh; Intel Mac OS X 10.15; rv:138.0) Gecko/20100101 Firefox/138.0"}
{"input":3,"level":"info","message":"Conversion successful","output":"III","service":"roman-numeral-service","timestamp":"2025-05-14T19:43:33.511Z"}
{"duration":6,"level":"info","message":"HTTP Request","method":"GET","service":"roman-numeral-service","status":200,"timestamp":"2025-05-14T19:43:33.515Z","url":"/romannumeral?query=3e4","userAgent":"Mozilla/5.0 (Macintosh; Intel Mac OS X 10.15; rv:138.0) Gecko/20100101 Firefox/138.0"}
{"duration":1,"level":"info","message":"HTTP Request","method":"GET","service":"roman-numeral-service","status":404,"timestamp":"2025-05-14T19:43:33.531Z","url":"/favicon.ico","userAgent":"Mozilla/5.0 (Macintosh; Intel Mac OS X 10.15; rv:138.0) Gecko/20100101 Firefox/138.0"}
